<?xml version="1.0" encoding="UTF-8"?>
<!-- Generated by org.testng.reporters.JUnitReportReporter -->
<testsuite skipped="0" hostname="oriolsoler" name="test" tests="11" failures="0" timestamp="2019-09-15T13:36:28 CEST" time="0.020" errors="0">
  <testcase name="addCoins" time="0.010" classname="test"/>
  <testcase name="addProducts" time="0.000" classname="test"/>
  <testcase name="resetVendingMachine" time="0.000" classname="test"/>
  <testcase name="buyProductWithoutEnoughChange" time="0.001" classname="test"/>
  <testcase name="buyProductWithoutEnoughProducts" time="0.000" classname="test"/>
  <testcase name="cancelOrder" time="0.000" classname="test"/>
  <testcase name="getChange" time="0.000" classname="test"/>
  <testcase name="buyProductHighPrice" time="0.002" classname="test"/>
  <testcase name="insertCoins" time="0.000" classname="test"/>
  <testcase name="buyProductWithoutEnoughMoney" time="0.000" classname="test"/>
  <testcase name="buyProduct" time="0.007" classname="test"/>
</testsuite> <!-- test -->
